<?xml version="1.0" encoding="UTF-8" ?>
<testsuite failures="0" time="0.076" errors="0" skipped="0" tests="10" name="com.itree.dao.impl.UserRoleDaoImplTest">
  <properties>
[...]
</properties>
  <testcase time="0" classname="com.itree.dao.impl.UserRoleDaoImplTest" name="testFindUserRIds2"/>
  <testcase time="0.003" classname="com.itree.dao.impl.UserRoleDaoImplTest" name="testDeleteByUId"/>
  <testcase time="0.001" classname="com.itree.dao.impl.UserRoleDaoImplTest" name="testAdd"/>
  <testcase time="0.028" classname="com.itree.dao.impl.UserRoleDaoImplTest" name="testAdd2"/>
  <testcase time="0.006" classname="com.itree.dao.impl.UserRoleDaoImplTest" name="testFindByUId2"/>
  <testcase time="0.027" classname="com.itree.dao.impl.UserRoleDaoImplTest" name="testUpdate2"/>
  <testcase time="0.003" classname="com.itree.dao.impl.UserRoleDaoImplTest" name="testDeleteByUId2"/>
  <testcase time="0.003" classname="com.itree.dao.impl.UserRoleDaoImplTest" name="testFindUserRIds"/>
  <testcase time="0.003" classname="com.itree.dao.impl.UserRoleDaoImplTest" name="testFindByUId"/>
  <testcase time="0.002" classname="com.itree.dao.impl.UserRoleDaoImplTest" name="testUpdate"/>
</testsuite>